[0.435s] Invoking command in '/home/hadnan/ros2_ws/src/my_environments': PYTHONPATH=/home/hadnan/ros2_ws/src/my_environments/build/my_environments/prefix_override:/usr/lib/python3/dist-packages/colcon_core/task/python/colcon_distutils_commands:/home/hadnan/ros2_ws/src/my_environments/install/my_environments/lib/python3.10/site-packages:${PYTHONPATH} /usr/bin/python3 -W ignore:setup.py install is deprecated setup.py egg_info --egg-base build/my_environments build --build-base /home/hadnan/ros2_ws/src/my_environments/build/my_environments/build install --record /home/hadnan/ros2_ws/src/my_environments/build/my_environments/install.log --single-version-externally-managed install_data
[0.593s] running egg_info
[0.593s] writing build/my_environments/my_environments.egg-info/PKG-INFO
[0.594s] writing dependency_links to build/my_environments/my_environments.egg-info/dependency_links.txt
[0.594s] writing entry points to build/my_environments/my_environments.egg-info/entry_points.txt
[0.594s] writing requirements to build/my_environments/my_environments.egg-info/requires.txt
[0.595s] writing top-level names to build/my_environments/my_environments.egg-info/top_level.txt
[0.596s] reading manifest file 'build/my_environments/my_environments.egg-info/SOURCES.txt'
[0.596s] writing manifest file 'build/my_environments/my_environments.egg-info/SOURCES.txt'
[0.597s] running build
[0.597s] running build_py
[0.597s] running install
[0.598s] running install_lib
[0.599s] running install_data
[0.599s] running install_egg_info
[0.600s] removing '/home/hadnan/ros2_ws/src/my_environments/install/my_environments/lib/python3.10/site-packages/my_environments-0.0.0-py3.10.egg-info' (and everything under it)
[0.600s] Copying build/my_environments/my_environments.egg-info to /home/hadnan/ros2_ws/src/my_environments/install/my_environments/lib/python3.10/site-packages/my_environments-0.0.0-py3.10.egg-info
[0.601s] running install_scripts
[0.617s] writing list of installed files to '/home/hadnan/ros2_ws/src/my_environments/build/my_environments/install.log'
[0.635s] Invoked command in '/home/hadnan/ros2_ws/src/my_environments' returned '0': PYTHONPATH=/home/hadnan/ros2_ws/src/my_environments/build/my_environments/prefix_override:/usr/lib/python3/dist-packages/colcon_core/task/python/colcon_distutils_commands:/home/hadnan/ros2_ws/src/my_environments/install/my_environments/lib/python3.10/site-packages:${PYTHONPATH} /usr/bin/python3 -W ignore:setup.py install is deprecated setup.py egg_info --egg-base build/my_environments build --build-base /home/hadnan/ros2_ws/src/my_environments/build/my_environments/build install --record /home/hadnan/ros2_ws/src/my_environments/build/my_environments/install.log --single-version-externally-managed install_data
