[0.123s] DEBUG:colcon:Command line arguments: ['/usr/bin/colcon', 'build']
[0.123s] DEBUG:colcon:Parsed command line arguments: Namespace(log_base=None, log_level=None, verb_name='build', build_base='build', install_base='install', merge_install=False, symlink_install=False, test_result_base=None, continue_on_error=False, executor='parallel', parallel_workers=12, event_handlers=None, ignore_user_meta=False, metas=['./colcon.meta'], base_paths=['.'], packages_ignore=None, packages_ignore_regex=None, paths=None, packages_up_to=None, packages_up_to_regex=None, packages_above=None, packages_above_and_dependencies=None, packages_above_depth=None, packages_select_by_dep=None, packages_skip_by_dep=None, packages_skip_up_to=None, packages_select_build_failed=False, packages_skip_build_finished=False, packages_select_test_failures=False, packages_skip_test_passed=False, packages_select=None, packages_skip=None, packages_select_regex=None, packages_skip_regex=None, packages_start=None, packages_end=None, allow_overriding=[], cmake_args=None, cmake_target=None, cmake_target_skip_unavailable=False, cmake_clean_cache=False, cmake_clean_first=False, cmake_force_configure=False, ament_cmake_args=None, catkin_cmake_args=None, catkin_skip_building_tests=False, verb_parser=<colcon_defaults.argument_parser.defaults.DefaultArgumentsDecorator object at 0x7efc94ec7bb0>, verb_extension=<colcon_core.verb.build.BuildVerb object at 0x7efc94ec7730>, main=<bound method BuildVerb.main of <colcon_core.verb.build.BuildVerb object at 0x7efc94ec7730>>)
[0.240s] Level 1:colcon.colcon_core.package_discovery:discover_packages(colcon_meta) check parameters
[0.240s] Level 1:colcon.colcon_core.package_discovery:discover_packages(recursive) check parameters
[0.240s] Level 1:colcon.colcon_core.package_discovery:discover_packages(ignore) check parameters
[0.240s] Level 1:colcon.colcon_core.package_discovery:discover_packages(path) check parameters
[0.240s] Level 1:colcon.colcon_core.package_discovery:discover_packages(colcon_meta) discover
[0.240s] Level 1:colcon.colcon_core.package_discovery:discover_packages(recursive) discover
[0.240s] INFO:colcon.colcon_core.package_discovery:Crawling recursively for packages in '/home/hadnan/ros2_ws/src/my_environments'
[0.240s] Level 1:colcon.colcon_core.package_identification:_identify(.) by extensions ['ignore', 'ignore_ament_install']
[0.240s] Level 1:colcon.colcon_core.package_identification:_identify(.) by extension 'ignore'
[0.241s] Level 1:colcon.colcon_core.package_identification:_identify(.) by extension 'ignore_ament_install'
[0.241s] Level 1:colcon.colcon_core.package_identification:_identify(.) by extensions ['colcon_pkg']
[0.241s] Level 1:colcon.colcon_core.package_identification:_identify(.) by extension 'colcon_pkg'
[0.241s] Level 1:colcon.colcon_core.package_identification:_identify(.) by extensions ['colcon_meta']
[0.241s] Level 1:colcon.colcon_core.package_identification:_identify(.) by extension 'colcon_meta'
[0.241s] Level 1:colcon.colcon_core.package_identification:_identify(.) by extensions ['ros']
[0.241s] Level 1:colcon.colcon_core.package_identification:_identify(.) by extension 'ros'
[0.251s] DEBUG:colcon.colcon_core.package_identification:Package '.' with type 'ros.ament_python' and name 'my_environments'
[0.252s] Level 1:colcon.colcon_core.package_discovery:discover_packages(recursive) using defaults
[0.252s] Level 1:colcon.colcon_core.package_discovery:discover_packages(ignore) discover
[0.252s] Level 1:colcon.colcon_core.package_discovery:discover_packages(ignore) using defaults
[0.252s] Level 1:colcon.colcon_core.package_discovery:discover_packages(path) discover
[0.252s] Level 1:colcon.colcon_core.package_discovery:discover_packages(path) using defaults
[0.266s] Level 1:colcon.colcon_core.package_discovery:discover_packages(prefix_path) check parameters
[0.267s] Level 1:colcon.colcon_core.package_discovery:discover_packages(prefix_path) discover
[0.268s] DEBUG:colcon.colcon_installed_package_information.package_discovery:Found 301 installed packages in /opt/ros/humble
[0.270s] Level 1:colcon.colcon_core.package_discovery:discover_packages(prefix_path) using defaults
[0.310s] Level 5:colcon.colcon_core.verb:set package 'my_environments' build argument 'cmake_args' from command line to 'None'
[0.310s] Level 5:colcon.colcon_core.verb:set package 'my_environments' build argument 'cmake_target' from command line to 'None'
[0.310s] Level 5:colcon.colcon_core.verb:set package 'my_environments' build argument 'cmake_target_skip_unavailable' from command line to 'False'
[0.310s] Level 5:colcon.colcon_core.verb:set package 'my_environments' build argument 'cmake_clean_cache' from command line to 'False'
[0.310s] Level 5:colcon.colcon_core.verb:set package 'my_environments' build argument 'cmake_clean_first' from command line to 'False'
[0.310s] Level 5:colcon.colcon_core.verb:set package 'my_environments' build argument 'cmake_force_configure' from command line to 'False'
[0.310s] Level 5:colcon.colcon_core.verb:set package 'my_environments' build argument 'ament_cmake_args' from command line to 'None'
[0.310s] Level 5:colcon.colcon_core.verb:set package 'my_environments' build argument 'catkin_cmake_args' from command line to 'None'
[0.310s] Level 5:colcon.colcon_core.verb:set package 'my_environments' build argument 'catkin_skip_building_tests' from command line to 'False'
[0.311s] DEBUG:colcon.colcon_core.verb:Building package 'my_environments' with the following arguments: {'ament_cmake_args': None, 'build_base': '/home/hadnan/ros2_ws/src/my_environments/build/my_environments', 'catkin_cmake_args': None, 'catkin_skip_building_tests': False, 'cmake_args': None, 'cmake_clean_cache': False, 'cmake_clean_first': False, 'cmake_force_configure': False, 'cmake_target': None, 'cmake_target_skip_unavailable': False, 'install_base': '/home/hadnan/ros2_ws/src/my_environments/install/my_environments', 'merge_install': False, 'path': '/home/hadnan/ros2_ws/src/my_environments', 'symlink_install': False, 'test_result_base': None}
[0.311s] INFO:colcon.colcon_core.executor:Executing jobs using 'parallel' executor
[0.312s] DEBUG:colcon.colcon_parallel_executor.executor.parallel:run_until_complete
[0.312s] INFO:colcon.colcon_ros.task.ament_python.build:Building ROS package in '/home/hadnan/ros2_ws/src/my_environments' with build type 'ament_python'
[0.312s] Level 1:colcon.colcon_core.shell:create_environment_hook('my_environments', 'ament_prefix_path')
[0.314s] INFO:colcon.colcon_core.plugin_system:Skipping extension 'colcon_core.shell.bat': Not used on non-Windows systems
[0.314s] INFO:colcon.colcon_core.shell:Creating environment hook '/home/hadnan/ros2_ws/src/my_environments/install/my_environments/share/my_environments/hook/ament_prefix_path.ps1'
[0.315s] INFO:colcon.colcon_core.shell:Creating environment descriptor '/home/hadnan/ros2_ws/src/my_environments/install/my_environments/share/my_environments/hook/ament_prefix_path.dsv'
[0.315s] INFO:colcon.colcon_core.shell:Creating environment hook '/home/hadnan/ros2_ws/src/my_environments/install/my_environments/share/my_environments/hook/ament_prefix_path.sh'
[0.316s] INFO:colcon.colcon_core.shell:Skip shell extension 'powershell' for command environment: Not usable outside of PowerShell
[0.316s] DEBUG:colcon.colcon_core.shell:Skip shell extension 'dsv' for command environment
[0.484s] INFO:colcon.colcon_core.task.python.build:Building Python package in '/home/hadnan/ros2_ws/src/my_environments'
[0.484s] INFO:colcon.colcon_core.shell:Skip shell extension 'powershell' for command environment: Not usable outside of PowerShell
[0.484s] DEBUG:colcon.colcon_core.shell:Skip shell extension 'dsv' for command environment
[0.747s] DEBUG:colcon.colcon_core.event_handler.log_command:Invoking command in '/home/hadnan/ros2_ws/src/my_environments': PYTHONPATH=/home/hadnan/ros2_ws/src/my_environments/build/my_environments/prefix_override:/usr/lib/python3/dist-packages/colcon_core/task/python/colcon_distutils_commands:/home/hadnan/ros2_ws/src/my_environments/install/my_environments/lib/python3.10/site-packages:${PYTHONPATH} /usr/bin/python3 -W ignore:setup.py install is deprecated setup.py egg_info --egg-base build/my_environments build --build-base /home/hadnan/ros2_ws/src/my_environments/build/my_environments/build install --record /home/hadnan/ros2_ws/src/my_environments/build/my_environments/install.log --single-version-externally-managed install_data
[0.935s] DEBUG:colcon.colcon_core.event_handler.log_command:Invoked command in '/home/hadnan/ros2_ws/src/my_environments' returned '0': PYTHONPATH=/home/hadnan/ros2_ws/src/my_environments/build/my_environments/prefix_override:/usr/lib/python3/dist-packages/colcon_core/task/python/colcon_distutils_commands:/home/hadnan/ros2_ws/src/my_environments/install/my_environments/lib/python3.10/site-packages:${PYTHONPATH} /usr/bin/python3 -W ignore:setup.py install is deprecated setup.py egg_info --egg-base build/my_environments build --build-base /home/hadnan/ros2_ws/src/my_environments/build/my_environments/build install --record /home/hadnan/ros2_ws/src/my_environments/build/my_environments/install.log --single-version-externally-managed install_data
[0.938s] Level 1:colcon.colcon_core.environment:checking '/home/hadnan/ros2_ws/src/my_environments/install/my_environments' for CMake module files
[0.938s] Level 1:colcon.colcon_core.environment:checking '/home/hadnan/ros2_ws/src/my_environments/install/my_environments' for CMake config files
[0.938s] Level 1:colcon.colcon_core.environment:checking '/home/hadnan/ros2_ws/src/my_environments/install/my_environments/lib'
[0.939s] Level 1:colcon.colcon_core.environment:checking '/home/hadnan/ros2_ws/src/my_environments/install/my_environments/bin'
[0.939s] Level 1:colcon.colcon_core.environment:checking '/home/hadnan/ros2_ws/src/my_environments/install/my_environments/lib/pkgconfig/my_environments.pc'
[0.939s] Level 1:colcon.colcon_core.environment:checking '/home/hadnan/ros2_ws/src/my_environments/install/my_environments/lib/python3.10/site-packages'
[0.939s] Level 1:colcon.colcon_core.shell:create_environment_hook('my_environments', 'pythonpath')
[0.939s] INFO:colcon.colcon_core.shell:Creating environment hook '/home/hadnan/ros2_ws/src/my_environments/install/my_environments/share/my_environments/hook/pythonpath.ps1'
[0.939s] INFO:colcon.colcon_core.shell:Creating environment descriptor '/home/hadnan/ros2_ws/src/my_environments/install/my_environments/share/my_environments/hook/pythonpath.dsv'
[0.940s] INFO:colcon.colcon_core.shell:Creating environment hook '/home/hadnan/ros2_ws/src/my_environments/install/my_environments/share/my_environments/hook/pythonpath.sh'
[0.940s] Level 1:colcon.colcon_core.environment:checking '/home/hadnan/ros2_ws/src/my_environments/install/my_environments/bin'
[0.940s] Level 1:colcon.colcon_core.environment:create_environment_scripts_only(my_environments)
[0.940s] INFO:colcon.colcon_core.shell:Creating package script '/home/hadnan/ros2_ws/src/my_environments/install/my_environments/share/my_environments/package.ps1'
[0.941s] INFO:colcon.colcon_core.shell:Creating package descriptor '/home/hadnan/ros2_ws/src/my_environments/install/my_environments/share/my_environments/package.dsv'
[0.942s] INFO:colcon.colcon_core.shell:Creating package script '/home/hadnan/ros2_ws/src/my_environments/install/my_environments/share/my_environments/package.sh'
[0.942s] INFO:colcon.colcon_core.shell:Creating package script '/home/hadnan/ros2_ws/src/my_environments/install/my_environments/share/my_environments/package.bash'
[0.943s] INFO:colcon.colcon_core.shell:Creating package script '/home/hadnan/ros2_ws/src/my_environments/install/my_environments/share/my_environments/package.zsh'
[0.943s] Level 1:colcon.colcon_core.environment:create_file_with_runtime_dependencies(/home/hadnan/ros2_ws/src/my_environments/install/my_environments/share/colcon-core/packages/my_environments)
[0.944s] DEBUG:colcon.colcon_parallel_executor.executor.parallel:closing loop
[0.944s] DEBUG:colcon.colcon_parallel_executor.executor.parallel:loop closed
[0.944s] DEBUG:colcon.colcon_parallel_executor.executor.parallel:run_until_complete finished with '0'
[0.944s] DEBUG:colcon.colcon_core.event_reactor:joining thread
[0.967s] INFO:colcon.colcon_core.plugin_system:Skipping extension 'colcon_notification.desktop_notification.notify_send': Could not find 'notify-send'
[0.967s] INFO:colcon.colcon_core.plugin_system:Skipping extension 'colcon_notification.desktop_notification.terminal_notifier': Not used on non-Darwin systems
[0.967s] INFO:colcon.colcon_core.plugin_system:Skipping extension 'colcon_notification.desktop_notification.win32': Not used on non-Windows systems
[0.967s] INFO:colcon.colcon_notification.desktop_notification:Sending desktop notification using 'notify2'
[0.968s] DEBUG:colcon.colcon_notification.desktop_notification.notify2:Failed to initialize notify2: org.freedesktop.DBus.Error.FileNotFound: Failed to connect to socket /run/user/1000/bus: No such file or directory
[0.968s] DEBUG:colcon.colcon_core.event_reactor:joined thread
[0.968s] INFO:colcon.colcon_core.shell:Creating prefix script '/home/hadnan/ros2_ws/src/my_environments/install/local_setup.ps1'
[0.969s] INFO:colcon.colcon_core.shell:Creating prefix util module '/home/hadnan/ros2_ws/src/my_environments/install/_local_setup_util_ps1.py'
[0.970s] INFO:colcon.colcon_core.shell:Creating prefix chain script '/home/hadnan/ros2_ws/src/my_environments/install/setup.ps1'
[0.970s] INFO:colcon.colcon_core.shell:Creating prefix script '/home/hadnan/ros2_ws/src/my_environments/install/local_setup.sh'
[0.971s] INFO:colcon.colcon_core.shell:Creating prefix util module '/home/hadnan/ros2_ws/src/my_environments/install/_local_setup_util_sh.py'
[0.971s] INFO:colcon.colcon_core.shell:Creating prefix chain script '/home/hadnan/ros2_ws/src/my_environments/install/setup.sh'
[0.972s] INFO:colcon.colcon_core.shell:Creating prefix script '/home/hadnan/ros2_ws/src/my_environments/install/local_setup.bash'
[0.972s] INFO:colcon.colcon_core.shell:Creating prefix chain script '/home/hadnan/ros2_ws/src/my_environments/install/setup.bash'
[0.972s] INFO:colcon.colcon_core.shell:Creating prefix script '/home/hadnan/ros2_ws/src/my_environments/install/local_setup.zsh'
[0.973s] INFO:colcon.colcon_core.shell:Creating prefix chain script '/home/hadnan/ros2_ws/src/my_environments/install/setup.zsh'
