running egg_info
writing build/my_environments/my_environments.egg-info/PKG-INFO
writing dependency_links to build/my_environments/my_environments.egg-info/dependency_links.txt
writing entry points to build/my_environments/my_environments.egg-info/entry_points.txt
writing requirements to build/my_environments/my_environments.egg-info/requires.txt
writing top-level names to build/my_environments/my_environments.egg-info/top_level.txt
reading manifest file 'build/my_environments/my_environments.egg-info/SOURCES.txt'
writing manifest file 'build/my_environments/my_environments.egg-info/SOURCES.txt'
running build
running build_py
copying my_environments/traffic_light_control_node.py -> /home/hadnan/ros2_ws/src/my_environments/build/my_environments/build/lib/my_environments
copying my_environments/lighting_control_node.py -> /home/hadnan/ros2_ws/src/my_environments/build/my_environments/build/lib/my_environments
running install
running install_lib
copying /home/hadnan/ros2_ws/src/my_environments/build/my_environments/build/lib/my_environments/traffic_light_control_node.py -> /home/hadnan/ros2_ws/src/my_environments/install/my_environments/lib/python3.10/site-packages/my_environments
copying /home/hadnan/ros2_ws/src/my_environments/build/my_environments/build/lib/my_environments/lighting_control_node.py -> /home/hadnan/ros2_ws/src/my_environments/install/my_environments/lib/python3.10/site-packages/my_environments
byte-compiling /home/hadnan/ros2_ws/src/my_environments/install/my_environments/lib/python3.10/site-packages/my_environments/traffic_light_control_node.py to traffic_light_control_node.cpython-310.pyc
byte-compiling /home/hadnan/ros2_ws/src/my_environments/install/my_environments/lib/python3.10/site-packages/my_environments/lighting_control_node.py to lighting_control_node.cpython-310.pyc
running install_data
running install_egg_info
removing '/home/hadnan/ros2_ws/src/my_environments/install/my_environments/lib/python3.10/site-packages/my_environments-0.0.0-py3.10.egg-info' (and everything under it)
Copying build/my_environments/my_environments.egg-info to /home/hadnan/ros2_ws/src/my_environments/install/my_environments/lib/python3.10/site-packages/my_environments-0.0.0-py3.10.egg-info
running install_scripts
writing list of installed files to '/home/hadnan/ros2_ws/src/my_environments/build/my_environments/install.log'
