[0.454s] Invoking command in '/home/hadnan/ros2_ws/src/my_environments': PYTHONPATH=/home/hadnan/ros2_ws/src/my_environments/build/my_environments/prefix_override:/usr/lib/python3/dist-packages/colcon_core/task/python/colcon_distutils_commands:/home/hadnan/ros2_ws/src/my_environments/install/my_environments/lib/python3.10/site-packages:${PYTHONPATH} /usr/bin/python3 -W ignore:setup.py install is deprecated setup.py egg_info --egg-base build/my_environments build --build-base /home/hadnan/ros2_ws/src/my_environments/build/my_environments/build install --record /home/hadnan/ros2_ws/src/my_environments/build/my_environments/install.log --single-version-externally-managed install_data
[0.614s] running egg_info
[0.614s] writing build/my_environments/my_environments.egg-info/PKG-INFO
[0.615s] writing dependency_links to build/my_environments/my_environments.egg-info/dependency_links.txt
[0.615s] writing entry points to build/my_environments/my_environments.egg-info/entry_points.txt
[0.615s] writing requirements to build/my_environments/my_environments.egg-info/requires.txt
[0.615s] writing top-level names to build/my_environments/my_environments.egg-info/top_level.txt
[0.616s] reading manifest file 'build/my_environments/my_environments.egg-info/SOURCES.txt'
[0.617s] writing manifest file 'build/my_environments/my_environments.egg-info/SOURCES.txt'
[0.617s] running build
[0.617s] running build_py
[0.617s] copying my_environments/traffic_light_control_node.py -> /home/hadnan/ros2_ws/src/my_environments/build/my_environments/build/lib/my_environments
[0.617s] copying my_environments/lighting_control_node.py -> /home/hadnan/ros2_ws/src/my_environments/build/my_environments/build/lib/my_environments
[0.617s] running install
[0.617s] running install_lib
[0.618s] copying /home/hadnan/ros2_ws/src/my_environments/build/my_environments/build/lib/my_environments/traffic_light_control_node.py -> /home/hadnan/ros2_ws/src/my_environments/install/my_environments/lib/python3.10/site-packages/my_environments
[0.618s] copying /home/hadnan/ros2_ws/src/my_environments/build/my_environments/build/lib/my_environments/lighting_control_node.py -> /home/hadnan/ros2_ws/src/my_environments/install/my_environments/lib/python3.10/site-packages/my_environments
[0.619s] byte-compiling /home/hadnan/ros2_ws/src/my_environments/install/my_environments/lib/python3.10/site-packages/my_environments/traffic_light_control_node.py to traffic_light_control_node.cpython-310.pyc
[0.619s] byte-compiling /home/hadnan/ros2_ws/src/my_environments/install/my_environments/lib/python3.10/site-packages/my_environments/lighting_control_node.py to lighting_control_node.cpython-310.pyc
[0.619s] running install_data
[0.620s] running install_egg_info
[0.621s] removing '/home/hadnan/ros2_ws/src/my_environments/install/my_environments/lib/python3.10/site-packages/my_environments-0.0.0-py3.10.egg-info' (and everything under it)
[0.621s] Copying build/my_environments/my_environments.egg-info to /home/hadnan/ros2_ws/src/my_environments/install/my_environments/lib/python3.10/site-packages/my_environments-0.0.0-py3.10.egg-info
[0.622s] running install_scripts
[0.637s] writing list of installed files to '/home/hadnan/ros2_ws/src/my_environments/build/my_environments/install.log'
[0.654s] Invoked command in '/home/hadnan/ros2_ws/src/my_environments' returned '0': PYTHONPATH=/home/hadnan/ros2_ws/src/my_environments/build/my_environments/prefix_override:/usr/lib/python3/dist-packages/colcon_core/task/python/colcon_distutils_commands:/home/hadnan/ros2_ws/src/my_environments/install/my_environments/lib/python3.10/site-packages:${PYTHONPATH} /usr/bin/python3 -W ignore:setup.py install is deprecated setup.py egg_info --egg-base build/my_environments build --build-base /home/hadnan/ros2_ws/src/my_environments/build/my_environments/build install --record /home/hadnan/ros2_ws/src/my_environments/build/my_environments/install.log --single-version-externally-managed install_data
